#-----------------------------------------------------------
# Vivado v2019.1 (64-bit)
# SW Build 2552052 on Fri May 24 14:49:42 MDT 2019
# IP Build 2548770 on Fri May 24 18:01:18 MDT 2019
# Start of session at: Mon Jul 29 11:19:07 2024
# Process ID: 81148
# Current directory: C:/Users/wrwrb/OneDrive/Desktop/Repo/MPW9/MPW9_Shuttle-VGA-Pong
# Command line: vivado.exe -gui_launcher_event rodinguilauncherevent23240 C:\Users\wrwrb\OneDrive\Desktop\Repo\MPW9\MPW9_Shuttle-VGA-Pong\MPW9_Project.xpr
# Log file: C:/Users/wrwrb/OneDrive/Desktop/Repo/MPW9/MPW9_Shuttle-VGA-Pong/vivado.log
# Journal file: C:/Users/wrwrb/OneDrive/Desktop/Repo/MPW9/MPW9_Shuttle-VGA-Pong\vivado.jou
#-----------------------------------------------------------
start_gui
open_project C:/Users/wrwrb/OneDrive/Desktop/Repo/MPW9/MPW9_Shuttle-VGA-Pong/MPW9_Project.xpr
Scanning sources...
Finished scanning sources
INFO: [IP_Flow 19-234] Refreshing IP repositories
INFO: [IP_Flow 19-1704] No user IP repositories specified
INFO: [IP_Flow 19-2313] Loaded Vivado IP repository 'C:/Xilinx/Vivado/2019.1/data/ip'.
update_compile_order -fileset sources_1
open_hw
connect_hw_server
INFO: [Labtools 27-2285] Connecting to hw_server url TCP:localhost:3121
INFO: [Labtools 27-2222] Launching hw_server...
INFO: [Labtools 27-2221] Launch Output:

****** Xilinx hw_server v2019.1
  **** Build date : May 24 2019 at 15:13:31
    ** Copyright 1986-2019 Xilinx, Inc. All Rights Reserved.


open_hw_target
INFO: [Labtoolstcl 44-466] Opening hw_target localhost:3121/xilinx_tcf/Digilent/210276B0649EB
set_property PROGRAM.FILE {C:/Users/wrwrb/OneDrive/Desktop/Repo/MPW9/MPW9_Shuttle-VGA-Pong/MPW9_Project.runs/impl_1/Top.bit} [get_hw_devices xc7a200t_0]
current_hw_device [get_hw_devices xc7a200t_0]
refresh_hw_device -update_hw_probes false [lindex [get_hw_devices xc7a200t_0] 0]
INFO: [Labtools 27-1434] Device xc7a200t (JTAG device index = 0) is programmed with a design that has no supported debug core(s) in it.
set_property PROBES.FILE {} [get_hw_devices xc7a200t_0]
set_property FULL_PROBES.FILE {} [get_hw_devices xc7a200t_0]
set_property PROGRAM.FILE {C:/Users/wrwrb/OneDrive/Desktop/Repo/MPW9/MPW9_Shuttle-VGA-Pong/MPW9_Project.runs/impl_1/Top.bit} [get_hw_devices xc7a200t_0]
program_hw_devices [get_hw_devices xc7a200t_0]
INFO: [Labtools 27-3164] End of startup status: HIGH
program_hw_devices: Time (s): cpu = 00:00:02 ; elapsed = 00:00:06 . Memory (MB): peak = 1906.473 ; gain = 0.000
refresh_hw_device [lindex [get_hw_devices xc7a200t_0] 0]
INFO: [Labtools 27-1434] Device xc7a200t (JTAG device index = 0) is programmed with a design that has no supported debug core(s) in it.
close_hw
update_compile_order -fileset sources_1
update_compile_order -fileset sources_1
launch_runs impl_1 -to_step write_bitstream -jobs 20
[Mon Jul 29 11:31:13 2024] Launched synth_1...
Run output will be captured here: C:/Users/wrwrb/OneDrive/Desktop/Repo/MPW9/MPW9_Shuttle-VGA-Pong/MPW9_Project.runs/synth_1/runme.log
[Mon Jul 29 11:31:13 2024] Launched impl_1...
Run output will be captured here: C:/Users/wrwrb/OneDrive/Desktop/Repo/MPW9/MPW9_Shuttle-VGA-Pong/MPW9_Project.runs/impl_1/runme.log
open_hw
connect_hw_server
INFO: [Labtools 27-2285] Connecting to hw_server url TCP:localhost:3121
INFO: [Labtools 27-2222] Launching hw_server...
INFO: [Labtools 27-2221] Launch Output:

****** Xilinx hw_server v2019.1
  **** Build date : May 24 2019 at 15:13:31
    ** Copyright 1986-2019 Xilinx, Inc. All Rights Reserved.


disconnect_hw_server localhost:3121
connect_hw_server
INFO: [Labtools 27-2285] Connecting to hw_server url TCP:localhost:3121
disconnect_hw_server localhost:3121
connect_hw_server
INFO: [Labtools 27-2285] Connecting to hw_server url TCP:localhost:3121
open_hw_target
INFO: [Labtoolstcl 44-466] Opening hw_target localhost:3121/xilinx_tcf/Digilent/210276B0649EB
set_property PROGRAM.FILE {C:/Users/wrwrb/OneDrive/Desktop/Repo/MPW9/MPW9_Shuttle-VGA-Pong/MPW9_Project.runs/impl_1/Top.bit} [get_hw_devices xc7a200t_0]
current_hw_device [get_hw_devices xc7a200t_0]
refresh_hw_device -update_hw_probes false [lindex [get_hw_devices xc7a200t_0] 0]
INFO: [Labtools 27-1434] Device xc7a200t (JTAG device index = 0) is programmed with a design that has no supported debug core(s) in it.
set_property PROBES.FILE {} [get_hw_devices xc7a200t_0]
set_property FULL_PROBES.FILE {} [get_hw_devices xc7a200t_0]
set_property PROGRAM.FILE {C:/Users/wrwrb/OneDrive/Desktop/Repo/MPW9/MPW9_Shuttle-VGA-Pong/MPW9_Project.runs/impl_1/Top.bit} [get_hw_devices xc7a200t_0]
program_hw_devices [get_hw_devices xc7a200t_0]
INFO: [Labtools 27-3164] End of startup status: HIGH
program_hw_devices: Time (s): cpu = 00:00:03 ; elapsed = 00:00:06 . Memory (MB): peak = 2121.582 ; gain = 0.000
refresh_hw_device [lindex [get_hw_devices xc7a200t_0] 0]
INFO: [Labtools 27-1434] Device xc7a200t (JTAG device index = 0) is programmed with a design that has no supported debug core(s) in it.
close_hw
reset_run synth_1
launch_runs impl_1 -to_step write_bitstream -jobs 20
[Mon Jul 29 11:48:04 2024] Launched synth_1...
Run output will be captured here: C:/Users/wrwrb/OneDrive/Desktop/Repo/MPW9/MPW9_Shuttle-VGA-Pong/MPW9_Project.runs/synth_1/runme.log
[Mon Jul 29 11:48:04 2024] Launched impl_1...
Run output will be captured here: C:/Users/wrwrb/OneDrive/Desktop/Repo/MPW9/MPW9_Shuttle-VGA-Pong/MPW9_Project.runs/impl_1/runme.log
open_hw
connect_hw_server
INFO: [Labtools 27-2285] Connecting to hw_server url TCP:localhost:3121
INFO: [Labtools 27-2222] Launching hw_server...
INFO: [Labtools 27-2221] Launch Output:

****** Xilinx hw_server v2019.1
  **** Build date : May 24 2019 at 15:13:31
    ** Copyright 1986-2019 Xilinx, Inc. All Rights Reserved.


open_hw_target
INFO: [Labtoolstcl 44-466] Opening hw_target localhost:3121/xilinx_tcf/Digilent/210276B0649EB
set_property PROGRAM.FILE {C:/Users/wrwrb/OneDrive/Desktop/Repo/MPW9/MPW9_Shuttle-VGA-Pong/MPW9_Project.runs/impl_1/Top.bit} [get_hw_devices xc7a200t_0]
current_hw_device [get_hw_devices xc7a200t_0]
refresh_hw_device -update_hw_probes false [lindex [get_hw_devices xc7a200t_0] 0]
INFO: [Labtools 27-1434] Device xc7a200t (JTAG device index = 0) is programmed with a design that has no supported debug core(s) in it.
set_property PROBES.FILE {} [get_hw_devices xc7a200t_0]
set_property FULL_PROBES.FILE {} [get_hw_devices xc7a200t_0]
set_property PROGRAM.FILE {C:/Users/wrwrb/OneDrive/Desktop/Repo/MPW9/MPW9_Shuttle-VGA-Pong/MPW9_Project.runs/impl_1/Top.bit} [get_hw_devices xc7a200t_0]
program_hw_devices [get_hw_devices xc7a200t_0]
INFO: [Labtools 27-3164] End of startup status: HIGH
program_hw_devices: Time (s): cpu = 00:00:03 ; elapsed = 00:00:06 . Memory (MB): peak = 2888.957 ; gain = 0.000
refresh_hw_device [lindex [get_hw_devices xc7a200t_0] 0]
INFO: [Labtools 27-1434] Device xc7a200t (JTAG device index = 0) is programmed with a design that has no supported debug core(s) in it.
ERROR: [Labtoolstcl 44-513] HW Target shutdown. Closing target: localhost:3121/xilinx_tcf/Digilent/210276B0649EB
close_hw
reset_run synth_1
launch_runs impl_1 -to_step write_bitstream -jobs 20
[Mon Jul 29 12:42:47 2024] Launched synth_1...
Run output will be captured here: C:/Users/wrwrb/OneDrive/Desktop/Repo/MPW9/MPW9_Shuttle-VGA-Pong/MPW9_Project.runs/synth_1/runme.log
[Mon Jul 29 12:42:47 2024] Launched impl_1...
Run output will be captured here: C:/Users/wrwrb/OneDrive/Desktop/Repo/MPW9/MPW9_Shuttle-VGA-Pong/MPW9_Project.runs/impl_1/runme.log
open_hw
connect_hw_server
INFO: [Labtools 27-2285] Connecting to hw_server url TCP:localhost:3121
INFO: [Labtools 27-2222] Launching hw_server...
INFO: [Labtools 27-2221] Launch Output:

****** Xilinx hw_server v2019.1
  **** Build date : May 24 2019 at 15:13:31
    ** Copyright 1986-2019 Xilinx, Inc. All Rights Reserved.


open_hw_target
INFO: [Labtoolstcl 44-466] Opening hw_target localhost:3121/xilinx_tcf/Digilent/210276B0649EB
set_property PROGRAM.FILE {C:/Users/wrwrb/OneDrive/Desktop/Repo/MPW9/MPW9_Shuttle-VGA-Pong/MPW9_Project.runs/impl_1/Top.bit} [get_hw_devices xc7a200t_0]
current_hw_device [get_hw_devices xc7a200t_0]
refresh_hw_device -update_hw_probes false [lindex [get_hw_devices xc7a200t_0] 0]
INFO: [Labtools 27-1434] Device xc7a200t (JTAG device index = 0) is programmed with a design that has no supported debug core(s) in it.
set_property PROBES.FILE {} [get_hw_devices xc7a200t_0]
set_property FULL_PROBES.FILE {} [get_hw_devices xc7a200t_0]
set_property PROGRAM.FILE {C:/Users/wrwrb/OneDrive/Desktop/Repo/MPW9/MPW9_Shuttle-VGA-Pong/MPW9_Project.runs/impl_1/Top.bit} [get_hw_devices xc7a200t_0]
program_hw_devices [get_hw_devices xc7a200t_0]
INFO: [Labtools 27-3164] End of startup status: HIGH
program_hw_devices: Time (s): cpu = 00:00:04 ; elapsed = 00:00:06 . Memory (MB): peak = 2943.215 ; gain = 0.000
refresh_hw_device [lindex [get_hw_devices xc7a200t_0] 0]
INFO: [Labtools 27-1434] Device xc7a200t (JTAG device index = 0) is programmed with a design that has no supported debug core(s) in it.
reset_run synth_1
launch_runs impl_1 -to_step write_bitstream -jobs 20
[Mon Jul 29 13:42:17 2024] Launched synth_1...
Run output will be captured here: C:/Users/wrwrb/OneDrive/Desktop/Repo/MPW9/MPW9_Shuttle-VGA-Pong/MPW9_Project.runs/synth_1/runme.log
[Mon Jul 29 13:42:17 2024] Launched impl_1...
Run output will be captured here: C:/Users/wrwrb/OneDrive/Desktop/Repo/MPW9/MPW9_Shuttle-VGA-Pong/MPW9_Project.runs/impl_1/runme.log
set_property PROBES.FILE {} [get_hw_devices xc7a200t_0]
set_property FULL_PROBES.FILE {} [get_hw_devices xc7a200t_0]
set_property PROGRAM.FILE {C:/Users/wrwrb/OneDrive/Desktop/Repo/MPW9/MPW9_Shuttle-VGA-Pong/MPW9_Project.runs/impl_1/Top.bit} [get_hw_devices xc7a200t_0]
program_hw_devices [get_hw_devices xc7a200t_0]
INFO: [Labtools 27-3164] End of startup status: HIGH
program_hw_devices: Time (s): cpu = 00:00:05 ; elapsed = 00:00:06 . Memory (MB): peak = 2943.215 ; gain = 0.000
refresh_hw_device [lindex [get_hw_devices xc7a200t_0] 0]
INFO: [Labtools 27-1434] Device xc7a200t (JTAG device index = 0) is programmed with a design that has no supported debug core(s) in it.
reset_run synth_1
launch_runs impl_1 -to_step write_bitstream -jobs 20
[Mon Jul 29 13:51:28 2024] Launched synth_1...
Run output will be captured here: C:/Users/wrwrb/OneDrive/Desktop/Repo/MPW9/MPW9_Shuttle-VGA-Pong/MPW9_Project.runs/synth_1/runme.log
[Mon Jul 29 13:51:28 2024] Launched impl_1...
Run output will be captured here: C:/Users/wrwrb/OneDrive/Desktop/Repo/MPW9/MPW9_Shuttle-VGA-Pong/MPW9_Project.runs/impl_1/runme.log
reset_run impl_1
reset_run synth_1
launch_runs impl_1 -to_step write_bitstream -jobs 10
[Mon Jul 29 13:52:39 2024] Launched synth_1...
Run output will be captured here: C:/Users/wrwrb/OneDrive/Desktop/Repo/MPW9/MPW9_Shuttle-VGA-Pong/MPW9_Project.runs/synth_1/runme.log
[Mon Jul 29 13:52:39 2024] Launched impl_1...
Run output will be captured here: C:/Users/wrwrb/OneDrive/Desktop/Repo/MPW9/MPW9_Shuttle-VGA-Pong/MPW9_Project.runs/impl_1/runme.log
set_property PROBES.FILE {} [get_hw_devices xc7a200t_0]
set_property FULL_PROBES.FILE {} [get_hw_devices xc7a200t_0]
set_property PROGRAM.FILE {C:/Users/wrwrb/OneDrive/Desktop/Repo/MPW9/MPW9_Shuttle-VGA-Pong/MPW9_Project.runs/impl_1/Top.bit} [get_hw_devices xc7a200t_0]
program_hw_devices [get_hw_devices xc7a200t_0]
INFO: [Labtools 27-3164] End of startup status: HIGH
program_hw_devices: Time (s): cpu = 00:00:03 ; elapsed = 00:00:06 . Memory (MB): peak = 2943.215 ; gain = 0.000
refresh_hw_device [lindex [get_hw_devices xc7a200t_0] 0]
INFO: [Labtools 27-1434] Device xc7a200t (JTAG device index = 0) is programmed with a design that has no supported debug core(s) in it.
reset_run synth_1
launch_runs impl_1 -to_step write_bitstream -jobs 10
[Mon Jul 29 13:57:58 2024] Launched synth_1...
Run output will be captured here: C:/Users/wrwrb/OneDrive/Desktop/Repo/MPW9/MPW9_Shuttle-VGA-Pong/MPW9_Project.runs/synth_1/runme.log
[Mon Jul 29 13:57:58 2024] Launched impl_1...
Run output will be captured here: C:/Users/wrwrb/OneDrive/Desktop/Repo/MPW9/MPW9_Shuttle-VGA-Pong/MPW9_Project.runs/impl_1/runme.log
set_property PROBES.FILE {} [get_hw_devices xc7a200t_0]
set_property FULL_PROBES.FILE {} [get_hw_devices xc7a200t_0]
set_property PROGRAM.FILE {C:/Users/wrwrb/OneDrive/Desktop/Repo/MPW9/MPW9_Shuttle-VGA-Pong/MPW9_Project.runs/impl_1/Top.bit} [get_hw_devices xc7a200t_0]
program_hw_devices [get_hw_devices xc7a200t_0]
INFO: [Labtools 27-3164] End of startup status: HIGH
program_hw_devices: Time (s): cpu = 00:00:02 ; elapsed = 00:00:06 . Memory (MB): peak = 2943.215 ; gain = 0.000
refresh_hw_device [lindex [get_hw_devices xc7a200t_0] 0]
INFO: [Labtools 27-1434] Device xc7a200t (JTAG device index = 0) is programmed with a design that has no supported debug core(s) in it.
reset_run synth_1
launch_runs impl_1 -to_step write_bitstream -jobs 10
[Mon Jul 29 14:02:56 2024] Launched synth_1...
Run output will be captured here: C:/Users/wrwrb/OneDrive/Desktop/Repo/MPW9/MPW9_Shuttle-VGA-Pong/MPW9_Project.runs/synth_1/runme.log
[Mon Jul 29 14:02:56 2024] Launched impl_1...
Run output will be captured here: C:/Users/wrwrb/OneDrive/Desktop/Repo/MPW9/MPW9_Shuttle-VGA-Pong/MPW9_Project.runs/impl_1/runme.log
ERROR: [Labtoolstcl 44-513] HW Target shutdown. Closing target: localhost:3121/xilinx_tcf/Digilent/210276B0649EB
INFO: [Labtoolstcl 44-466] Opening hw_target localhost:3121/xilinx_tcf/Digilent/210276B0649EB
INFO: [Labtools 27-1434] Device xc7a200t (JTAG device index = 0) is programmed with a design that has no supported debug core(s) in it.
WARNING: [Labtoolstcl 44-129] No matching hw_ila_data was found.
refresh_hw_device [lindex [get_hw_devices xc7a200t_0] 0]
INFO: [Labtools 27-1434] Device xc7a200t (JTAG device index = 0) is programmed with a design that has no supported debug core(s) in it.
set_property PROBES.FILE {} [get_hw_devices xc7a200t_0]
set_property FULL_PROBES.FILE {} [get_hw_devices xc7a200t_0]
set_property PROGRAM.FILE {C:/Users/wrwrb/OneDrive/Desktop/Repo/MPW9/MPW9_Shuttle-VGA-Pong/MPW9_Project.runs/impl_1/Top.bit} [get_hw_devices xc7a200t_0]
program_hw_devices [get_hw_devices xc7a200t_0]
INFO: [Labtools 27-3164] End of startup status: HIGH
program_hw_devices: Time (s): cpu = 00:00:03 ; elapsed = 00:00:06 . Memory (MB): peak = 2943.215 ; gain = 0.000
refresh_hw_device [lindex [get_hw_devices xc7a200t_0] 0]
INFO: [Labtools 27-1434] Device xc7a200t (JTAG device index = 0) is programmed with a design that has no supported debug core(s) in it.
reset_run synth_1
launch_runs impl_1 -to_step write_bitstream -jobs 10
[Mon Jul 29 14:07:23 2024] Launched synth_1...
Run output will be captured here: C:/Users/wrwrb/OneDrive/Desktop/Repo/MPW9/MPW9_Shuttle-VGA-Pong/MPW9_Project.runs/synth_1/runme.log
[Mon Jul 29 14:07:23 2024] Launched impl_1...
Run output will be captured here: C:/Users/wrwrb/OneDrive/Desktop/Repo/MPW9/MPW9_Shuttle-VGA-Pong/MPW9_Project.runs/impl_1/runme.log
set_property PROBES.FILE {} [get_hw_devices xc7a200t_0]
set_property FULL_PROBES.FILE {} [get_hw_devices xc7a200t_0]
set_property PROGRAM.FILE {C:/Users/wrwrb/OneDrive/Desktop/Repo/MPW9/MPW9_Shuttle-VGA-Pong/MPW9_Project.runs/impl_1/Top.bit} [get_hw_devices xc7a200t_0]
program_hw_devices [get_hw_devices xc7a200t_0]
INFO: [Labtools 27-3164] End of startup status: HIGH
program_hw_devices: Time (s): cpu = 00:00:04 ; elapsed = 00:00:06 . Memory (MB): peak = 2943.215 ; gain = 0.000
refresh_hw_device [lindex [get_hw_devices xc7a200t_0] 0]
INFO: [Labtools 27-1434] Device xc7a200t (JTAG device index = 0) is programmed with a design that has no supported debug core(s) in it.
reset_run synth_1
launch_runs impl_1 -to_step write_bitstream -jobs 10
[Mon Jul 29 14:11:23 2024] Launched synth_1...
Run output will be captured here: C:/Users/wrwrb/OneDrive/Desktop/Repo/MPW9/MPW9_Shuttle-VGA-Pong/MPW9_Project.runs/synth_1/runme.log
[Mon Jul 29 14:11:23 2024] Launched impl_1...
Run output will be captured here: C:/Users/wrwrb/OneDrive/Desktop/Repo/MPW9/MPW9_Shuttle-VGA-Pong/MPW9_Project.runs/impl_1/runme.log
set_property PROBES.FILE {} [get_hw_devices xc7a200t_0]
set_property FULL_PROBES.FILE {} [get_hw_devices xc7a200t_0]
set_property PROGRAM.FILE {C:/Users/wrwrb/OneDrive/Desktop/Repo/MPW9/MPW9_Shuttle-VGA-Pong/MPW9_Project.runs/impl_1/Top.bit} [get_hw_devices xc7a200t_0]
program_hw_devices [get_hw_devices xc7a200t_0]
INFO: [Labtools 27-3164] End of startup status: HIGH
program_hw_devices: Time (s): cpu = 00:00:04 ; elapsed = 00:00:06 . Memory (MB): peak = 2943.215 ; gain = 0.000
refresh_hw_device [lindex [get_hw_devices xc7a200t_0] 0]
INFO: [Labtools 27-1434] Device xc7a200t (JTAG device index = 0) is programmed with a design that has no supported debug core(s) in it.
reset_run synth_1
launch_runs impl_1 -to_step write_bitstream -jobs 10
[Mon Jul 29 14:25:00 2024] Launched synth_1...
Run output will be captured here: C:/Users/wrwrb/OneDrive/Desktop/Repo/MPW9/MPW9_Shuttle-VGA-Pong/MPW9_Project.runs/synth_1/runme.log
[Mon Jul 29 14:25:00 2024] Launched impl_1...
Run output will be captured here: C:/Users/wrwrb/OneDrive/Desktop/Repo/MPW9/MPW9_Shuttle-VGA-Pong/MPW9_Project.runs/impl_1/runme.log
set_property PROBES.FILE {} [get_hw_devices xc7a200t_0]
set_property FULL_PROBES.FILE {} [get_hw_devices xc7a200t_0]
set_property PROGRAM.FILE {C:/Users/wrwrb/OneDrive/Desktop/Repo/MPW9/MPW9_Shuttle-VGA-Pong/MPW9_Project.runs/impl_1/Top.bit} [get_hw_devices xc7a200t_0]
program_hw_devices [get_hw_devices xc7a200t_0]
INFO: [Labtools 27-3164] End of startup status: HIGH
program_hw_devices: Time (s): cpu = 00:00:04 ; elapsed = 00:00:06 . Memory (MB): peak = 2943.215 ; gain = 0.000
refresh_hw_device [lindex [get_hw_devices xc7a200t_0] 0]
INFO: [Labtools 27-1434] Device xc7a200t (JTAG device index = 0) is programmed with a design that has no supported debug core(s) in it.
reset_run synth_1
launch_runs impl_1 -to_step write_bitstream -jobs 10
[Mon Jul 29 14:33:36 2024] Launched synth_1...
Run output will be captured here: C:/Users/wrwrb/OneDrive/Desktop/Repo/MPW9/MPW9_Shuttle-VGA-Pong/MPW9_Project.runs/synth_1/runme.log
[Mon Jul 29 14:33:36 2024] Launched impl_1...
Run output will be captured here: C:/Users/wrwrb/OneDrive/Desktop/Repo/MPW9/MPW9_Shuttle-VGA-Pong/MPW9_Project.runs/impl_1/runme.log
set_property PROBES.FILE {} [get_hw_devices xc7a200t_0]
set_property FULL_PROBES.FILE {} [get_hw_devices xc7a200t_0]
set_property PROGRAM.FILE {C:/Users/wrwrb/OneDrive/Desktop/Repo/MPW9/MPW9_Shuttle-VGA-Pong/MPW9_Project.runs/impl_1/Top.bit} [get_hw_devices xc7a200t_0]
program_hw_devices [get_hw_devices xc7a200t_0]
INFO: [Labtools 27-3164] End of startup status: HIGH
program_hw_devices: Time (s): cpu = 00:00:03 ; elapsed = 00:00:06 . Memory (MB): peak = 2943.215 ; gain = 0.000
refresh_hw_device [lindex [get_hw_devices xc7a200t_0] 0]
INFO: [Labtools 27-1434] Device xc7a200t (JTAG device index = 0) is programmed with a design that has no supported debug core(s) in it.
reset_run synth_1
launch_runs impl_1 -to_step write_bitstream -jobs 10
[Mon Jul 29 14:39:01 2024] Launched synth_1...
Run output will be captured here: C:/Users/wrwrb/OneDrive/Desktop/Repo/MPW9/MPW9_Shuttle-VGA-Pong/MPW9_Project.runs/synth_1/runme.log
[Mon Jul 29 14:39:01 2024] Launched impl_1...
Run output will be captured here: C:/Users/wrwrb/OneDrive/Desktop/Repo/MPW9/MPW9_Shuttle-VGA-Pong/MPW9_Project.runs/impl_1/runme.log
set_property PROBES.FILE {} [get_hw_devices xc7a200t_0]
set_property FULL_PROBES.FILE {} [get_hw_devices xc7a200t_0]
set_property PROGRAM.FILE {C:/Users/wrwrb/OneDrive/Desktop/Repo/MPW9/MPW9_Shuttle-VGA-Pong/MPW9_Project.runs/impl_1/Top.bit} [get_hw_devices xc7a200t_0]
program_hw_devices [get_hw_devices xc7a200t_0]
INFO: [Labtools 27-3164] End of startup status: HIGH
program_hw_devices: Time (s): cpu = 00:00:03 ; elapsed = 00:00:06 . Memory (MB): peak = 2943.215 ; gain = 0.000
refresh_hw_device [lindex [get_hw_devices xc7a200t_0] 0]
INFO: [Labtools 27-1434] Device xc7a200t (JTAG device index = 0) is programmed with a design that has no supported debug core(s) in it.
reset_run synth_1
launch_runs impl_1 -to_step write_bitstream -jobs 10
[Mon Jul 29 14:43:43 2024] Launched synth_1...
Run output will be captured here: C:/Users/wrwrb/OneDrive/Desktop/Repo/MPW9/MPW9_Shuttle-VGA-Pong/MPW9_Project.runs/synth_1/runme.log
[Mon Jul 29 14:43:43 2024] Launched impl_1...
Run output will be captured here: C:/Users/wrwrb/OneDrive/Desktop/Repo/MPW9/MPW9_Shuttle-VGA-Pong/MPW9_Project.runs/impl_1/runme.log
set_property PROBES.FILE {} [get_hw_devices xc7a200t_0]
set_property FULL_PROBES.FILE {} [get_hw_devices xc7a200t_0]
set_property PROGRAM.FILE {C:/Users/wrwrb/OneDrive/Desktop/Repo/MPW9/MPW9_Shuttle-VGA-Pong/MPW9_Project.runs/impl_1/Top.bit} [get_hw_devices xc7a200t_0]
program_hw_devices [get_hw_devices xc7a200t_0]
INFO: [Labtools 27-3164] End of startup status: HIGH
program_hw_devices: Time (s): cpu = 00:00:03 ; elapsed = 00:00:06 . Memory (MB): peak = 2943.215 ; gain = 0.000
refresh_hw_device [lindex [get_hw_devices xc7a200t_0] 0]
INFO: [Labtools 27-1434] Device xc7a200t (JTAG device index = 0) is programmed with a design that has no supported debug core(s) in it.
reset_run synth_1
launch_runs impl_1 -to_step write_bitstream -jobs 10
[Mon Jul 29 14:47:57 2024] Launched synth_1...
Run output will be captured here: C:/Users/wrwrb/OneDrive/Desktop/Repo/MPW9/MPW9_Shuttle-VGA-Pong/MPW9_Project.runs/synth_1/runme.log
[Mon Jul 29 14:47:57 2024] Launched impl_1...
Run output will be captured here: C:/Users/wrwrb/OneDrive/Desktop/Repo/MPW9/MPW9_Shuttle-VGA-Pong/MPW9_Project.runs/impl_1/runme.log
set_property PROBES.FILE {} [get_hw_devices xc7a200t_0]
set_property FULL_PROBES.FILE {} [get_hw_devices xc7a200t_0]
set_property PROGRAM.FILE {C:/Users/wrwrb/OneDrive/Desktop/Repo/MPW9/MPW9_Shuttle-VGA-Pong/MPW9_Project.runs/impl_1/Top.bit} [get_hw_devices xc7a200t_0]
program_hw_devices [get_hw_devices xc7a200t_0]
INFO: [Labtools 27-3164] End of startup status: HIGH
program_hw_devices: Time (s): cpu = 00:00:03 ; elapsed = 00:00:06 . Memory (MB): peak = 2943.215 ; gain = 0.000
refresh_hw_device [lindex [get_hw_devices xc7a200t_0] 0]
INFO: [Labtools 27-1434] Device xc7a200t (JTAG device index = 0) is programmed with a design that has no supported debug core(s) in it.
reset_run synth_1
launch_runs impl_1 -to_step write_bitstream -jobs 10
[Mon Jul 29 14:52:20 2024] Launched synth_1...
Run output will be captured here: C:/Users/wrwrb/OneDrive/Desktop/Repo/MPW9/MPW9_Shuttle-VGA-Pong/MPW9_Project.runs/synth_1/runme.log
[Mon Jul 29 14:52:20 2024] Launched impl_1...
Run output will be captured here: C:/Users/wrwrb/OneDrive/Desktop/Repo/MPW9/MPW9_Shuttle-VGA-Pong/MPW9_Project.runs/impl_1/runme.log
set_property PROBES.FILE {} [get_hw_devices xc7a200t_0]
set_property FULL_PROBES.FILE {} [get_hw_devices xc7a200t_0]
set_property PROGRAM.FILE {C:/Users/wrwrb/OneDrive/Desktop/Repo/MPW9/MPW9_Shuttle-VGA-Pong/MPW9_Project.runs/impl_1/Top.bit} [get_hw_devices xc7a200t_0]
program_hw_devices [get_hw_devices xc7a200t_0]
INFO: [Labtools 27-3164] End of startup status: HIGH
program_hw_devices: Time (s): cpu = 00:00:03 ; elapsed = 00:00:06 . Memory (MB): peak = 2943.215 ; gain = 0.000
refresh_hw_device [lindex [get_hw_devices xc7a200t_0] 0]
INFO: [Labtools 27-1434] Device xc7a200t (JTAG device index = 0) is programmed with a design that has no supported debug core(s) in it.
reset_run synth_1
launch_runs impl_1 -to_step write_bitstream -jobs 10
[Mon Jul 29 14:55:56 2024] Launched synth_1...
Run output will be captured here: C:/Users/wrwrb/OneDrive/Desktop/Repo/MPW9/MPW9_Shuttle-VGA-Pong/MPW9_Project.runs/synth_1/runme.log
[Mon Jul 29 14:55:56 2024] Launched impl_1...
Run output will be captured here: C:/Users/wrwrb/OneDrive/Desktop/Repo/MPW9/MPW9_Shuttle-VGA-Pong/MPW9_Project.runs/impl_1/runme.log
reset_run synth_1
launch_runs impl_1 -to_step write_bitstream -jobs 10
[Mon Jul 29 14:59:11 2024] Launched synth_1...
Run output will be captured here: C:/Users/wrwrb/OneDrive/Desktop/Repo/MPW9/MPW9_Shuttle-VGA-Pong/MPW9_Project.runs/synth_1/runme.log
[Mon Jul 29 14:59:11 2024] Launched impl_1...
Run output will be captured here: C:/Users/wrwrb/OneDrive/Desktop/Repo/MPW9/MPW9_Shuttle-VGA-Pong/MPW9_Project.runs/impl_1/runme.log
set_property PROBES.FILE {} [get_hw_devices xc7a200t_0]
set_property FULL_PROBES.FILE {} [get_hw_devices xc7a200t_0]
set_property PROGRAM.FILE {C:/Users/wrwrb/OneDrive/Desktop/Repo/MPW9/MPW9_Shuttle-VGA-Pong/MPW9_Project.runs/impl_1/Top.bit} [get_hw_devices xc7a200t_0]
program_hw_devices [get_hw_devices xc7a200t_0]
INFO: [Labtools 27-3164] End of startup status: HIGH
program_hw_devices: Time (s): cpu = 00:00:04 ; elapsed = 00:00:06 . Memory (MB): peak = 2943.215 ; gain = 0.000
refresh_hw_device [lindex [get_hw_devices xc7a200t_0] 0]
INFO: [Labtools 27-1434] Device xc7a200t (JTAG device index = 0) is programmed with a design that has no supported debug core(s) in it.
reset_run synth_1
launch_runs impl_1 -to_step write_bitstream -jobs 10
[Mon Jul 29 15:02:41 2024] Launched synth_1...
Run output will be captured here: C:/Users/wrwrb/OneDrive/Desktop/Repo/MPW9/MPW9_Shuttle-VGA-Pong/MPW9_Project.runs/synth_1/runme.log
[Mon Jul 29 15:02:41 2024] Launched impl_1...
Run output will be captured here: C:/Users/wrwrb/OneDrive/Desktop/Repo/MPW9/MPW9_Shuttle-VGA-Pong/MPW9_Project.runs/impl_1/runme.log
set_property PROBES.FILE {} [get_hw_devices xc7a200t_0]
set_property FULL_PROBES.FILE {} [get_hw_devices xc7a200t_0]
set_property PROGRAM.FILE {C:/Users/wrwrb/OneDrive/Desktop/Repo/MPW9/MPW9_Shuttle-VGA-Pong/MPW9_Project.runs/impl_1/Top.bit} [get_hw_devices xc7a200t_0]
program_hw_devices [get_hw_devices xc7a200t_0]
INFO: [Labtools 27-3164] End of startup status: HIGH
program_hw_devices: Time (s): cpu = 00:00:04 ; elapsed = 00:00:06 . Memory (MB): peak = 2943.215 ; gain = 0.000
refresh_hw_device [lindex [get_hw_devices xc7a200t_0] 0]
INFO: [Labtools 27-1434] Device xc7a200t (JTAG device index = 0) is programmed with a design that has no supported debug core(s) in it.
exit
INFO: [Common 17-206] Exiting Vivado at Mon Jul 29 15:07:05 2024...
